<?xml version="1.0" encoding="UTF-8"?>
<testsuite name="sma.grupo3.Retailer.DistributedBehavior.ConnectionMapTest" tests="2" skipped="0" failures="0" errors="0" timestamp="2021-05-19T17:44:53" hostname="DESKTOP-766EB6E" time="0.128">
  <properties/>
  <testcase name="shortestPath()" classname="sma.grupo3.Retailer.DistributedBehavior.ConnectionMapTest" time="0.12"/>
  <testcase name="getTimeFromTo()" classname="sma.grupo3.Retailer.DistributedBehavior.ConnectionMapTest" time="0.007"/>
  <system-out><![CDATA[]]></system-out>
  <system-err><![CDATA[]]></system-err>
</testsuite>
